<?xml version="1.0" encoding="UTF-8"?>
<!-- Generated by org.testng.reporters.JUnitReportReporter -->
<testsuite hostname="kuldeep" failures="0" tests="1" name="testCases.dashboardTestcases" time="8.810" errors="0" timestamp="2025-06-13T16:29:16 IST" skipped="0">
  <testcase classname="testCases.dashboardTestcases" name="fetchPatientDataTable" time="8.810"/>
</testsuite> <!-- testCases.dashboardTestcases -->
