<?xml version="1.0" encoding="UTF-8"?>
<!-- Generated by org.testng.reporters.JUnitReportReporter -->
<testsuite hostname="kuldeep" failures="0" tests="1" name="testCases.addPatient" time="5.094" errors="0" timestamp="2025-06-13T17:27:21 IST" skipped="0">
  <testcase classname="testCases.addPatient" name="saveDetails_Logout_Relogin_ValidateDatatable" time="5.094"/>
</testsuite> <!-- testCases.addPatient -->
