<?xml version="1.0" encoding="UTF-8"?>
<!-- Generated by org.testng.reporters.JUnitReportReporter -->
<testsuite hostname="kuldeep" failures="0" tests="1" name="testCases.TestCases" time="9.470" errors="0" timestamp="2025-06-13T14:41:12 IST" skipped="0">
  <testcase classname="testCases.TestCases" name="validUserLogin" time="9.470"/>
</testsuite> <!-- testCases.TestCases -->
