<?xml version="1.0" encoding="UTF-8"?>
<!-- Generated by org.testng.reporters.JUnitReportReporter -->
<testsuite hostname="kuldeep" failures="0" tests="1" name="testCases.loginPageTestcases" time="4.923" errors="0" timestamp="2025-06-13T16:24:49 IST" skipped="0">
  <testcase classname="testCases.loginPageTestcases" name="validUserLogin" time="4.923"/>
</testsuite> <!-- testCases.loginPageTestcases -->
